Arguments: 
  /Users/peter/.nvm/versions/node/v16.13.1/bin/node /opt/homebrew/Cellar/yarn/1.22.17_2/libexec/bin/yarn.js add http-server -D

PATH: 
  /Users/peter/Downloads/google-cloud-sdk/bin:/opt/homebrew/opt/libxslt/bin:/opt/homebrew/opt/curl/bin:/Users/peter/.asdf/shims:/opt/homebrew/opt/asdf/libexec/bin:/Users/peter/.nvm/versions/node/v16.13.1/bin:/opt/homebrew/bin:/opt/homebrew/sbin:/usr/local/bin:/usr/bin:/bin:/usr/sbin:/sbin:/opt/X11/bin:/Users/peter/Downloads/google-cloud-sdk/bin:/opt/homebrew/opt/libxslt/bin:/opt/homebrew/opt/curl/bin:/Users/peter/.nvm/versions/node/v16.13.1/bin:/opt/homebrew/bin:/opt/homebrew/sbin

Yarn version: 
  1.22.17

Node version: 
  16.13.1

Platform: 
  darwin arm64

Trace: 
  SyntaxError: /Users/peter/Sites/binvision-www/package.json: Unexpected token } in JSON at position 245
      at JSON.parse (<anonymous>)
      at /opt/homebrew/Cellar/yarn/1.22.17_2/libexec/lib/cli.js:1625:59
      at Generator.next (<anonymous>)
      at step (/opt/homebrew/Cellar/yarn/1.22.17_2/libexec/lib/cli.js:310:30)
      at /opt/homebrew/Cellar/yarn/1.22.17_2/libexec/lib/cli.js:321:13

npm manifest: 
  {
    "name": "binvision-www",
    "version": "1.0.0",
    "main": "index.js",
    "repository": "git@github.com:peet86/binvision-www.git",
    "author": "Peter Varga <admin@vargapeter.com>",
    "license": "MIT",
    "scripts": {
      "dev": "http-server",
    }
  }

yarn manifest: 
  No manifest

Lockfile: 
  No lockfile
